{
  "RSpec": {
    "coverage": {
      "/home/vandna/Documents/test1/app/helpers/application_helper.rb": {
        "lines": [
          1,
          null
        ]
      },
      "/home/vandna/Documents/test1/app/helpers/temple_helper.rb": {
        "lines": [
          1,
          null
        ]
      },
      "/home/vandna/Documents/test1/app/helpers/users_helper.rb": {
        "lines": [
          1,
          null
        ]
      },
      "/home/vandna/Documents/test1/app/controllers/users_controller.rb": {
        "lines": [
          1,
          1,
          null,
          null,
          1,
          1,
          null,
          null,
          null,
          1,
          null,
          null,
          null,
          1,
          1,
          null,
          null,
          null,
          1,
          null,
          null,
          null,
          1,
          1,
          null,
          1,
          1,
          2,
          1,
          null,
          0,
          0,
          null,
          null,
          null,
          null,
          null,
          1,
          0,
          0,
          0,
          0,
          null,
          0,
          0,
          null,
          null,
          null,
          null,
          null,
          1,
          0,
          null,
          0,
          0,
          0,
          null,
          null,
          null,
          1,
          null,
          1,
          0,
          null,
          null,
          null,
          1,
          1,
          null,
          null
        ]
      },
      "/home/vandna/Documents/test1/app/controllers/application_controller.rb": {
        "lines": [
          1,
          null
        ]
      },
      "/home/vandna/Documents/test1/app/models/user.rb": {
        "lines": [
          1,
          1,
          null
        ]
      },
      "/home/vandna/Documents/test1/app/models/application_record.rb": {
        "lines": [
          1,
          1,
          null
        ]
      },
      "/home/vandna/Documents/test1/app/uploaders/avatar_uploader.rb": {
        "lines": [
          1,
          null,
          null,
          null,
          null,
          null,
          1,
          null,
          null,
          null,
          null,
          1,
          0,
          null,
          null,
          null,
          null,
          null,
          null,
          null,
          null,
          null,
          null,
          null,
          null,
          null,
          null,
          null,
          null,
          null,
          null,
          null,
          null,
          null,
          null,
          null,
          null,
          null,
          null,
          null,
          null,
          null,
          null,
          null,
          null,
          null,
          null
        ]
      },
      "/home/vandna/Documents/test1/app/jobs/application_job.rb": {
        "lines": [
          0,
          null,
          null,
          null,
          null,
          null,
          0
        ],
        "branches": {
        }
      },
      "/home/vandna/Documents/test1/app/controllers/temple_controller.rb": {
        "lines": [
          0,
          0,
          0,
          null,
          0,
          0,
          null,
          0,
          0,
          null,
          0,
          0,
          null,
          0,
          0,
          0
        ],
        "branches": {
        }
      },
      "/home/vandna/Documents/test1/app/channels/application_cable/channel.rb": {
        "lines": [
          0,
          0,
          0,
          0
        ],
        "branches": {
        }
      },
      "/home/vandna/Documents/test1/app/channels/application_cable/connection.rb": {
        "lines": [
          0,
          0,
          0,
          0
        ],
        "branches": {
        }
      },
      "/home/vandna/Documents/test1/app/mailers/application_mailer.rb": {
        "lines": [
          0,
          0,
          0,
          0
        ],
        "branches": {
        }
      },
      "/home/vandna/Documents/test1/app/models/temple.rb": {
        "lines": [
          0,
          0
        ],
        "branches": {
        }
      },
      "/home/vandna/Documents/test1/app/models/book.rb": {
        "lines": [
          0,
          0
        ],
        "branches": {
        }
      }
    },
    "timestamp": 1669206582
  }
}
